<?xml version="1.0" encoding="UTF-8"?>
<!-- Generated by org.testng.reporters.JUnitReportReporter -->
<testsuite hostname="WCNJX186009-2PU" name="tse.testCases.TestGoogleTestCase" tests="2" failures="0" timestamp="2 Nov 2015 10:35:34 GMT" time="28.528" errors="0">
  <testcase name="testGoogle_1" time="16.199" classname="tse.testCases.TestGoogleTestCase"/>
  <testcase name="testGoogle_2" time="12.329" classname="tse.testCases.TestGoogleTestCase"/>
</testsuite> <!-- tse.testCases.TestGoogleTestCase -->
