<?xml version="1.0" encoding="UTF-8"?>
<!-- Generated by org.testng.reporters.JUnitReportReporter -->
<testsuite hostname="WCNJX186009-2PU" name="tse.testCases.TestSnipshot" tests="1" failures="0" timestamp="4 Nov 2015 03:32:55 GMT" time="20.058" errors="0">
  <testcase name="testSnapshot" time="20.058" classname="tse.testCases.TestSnipshot"/>
</testsuite> <!-- tse.testCases.TestSnipshot -->
