<?xml version="1.0" encoding="UTF-8"?>
<!-- Generated by org.testng.reporters.JUnitReportReporter -->
<testsuite hostname="WCNJX186009-2PU" name="tse.testCases.TestSearchEngine" tests="1" failures="0" timestamp="3 Nov 2015 09:10:36 GMT" time="114.616" errors="0">
  <testcase name="testGoogle" time="114.616" classname="tse.testCases.TestSearchEngine"/>
</testsuite> <!-- tse.testCases.TestSearchEngine -->
