<?xml version="1.0" encoding="UTF-8"?>
<!-- Generated by org.testng.reporters.JUnitReportReporter -->
<testsuite hostname="WCNJX186009-2PU" name="tse.testCases.TestBingTestCase" tests="1" failures="0" timestamp="2 Nov 2015 10:35:34 GMT" time="13.505" errors="0">
  <testcase name="testBing_1" time="13.505" classname="tse.testCases.TestBingTestCase"/>
</testsuite> <!-- tse.testCases.TestBingTestCase -->
