<?xml version="1.0" encoding="UTF-8"?>
<!-- Generated by org.testng.reporters.JUnitReportReporter -->
<testsuite hostname="WCNJX186009-2PU" name="tse.testCases.TestBaiduTestCase" tests="1" failures="0" timestamp="2 Nov 2015 10:35:34 GMT" time="16.732" errors="0">
  <testcase name="testBaidu_1" time="16.732" classname="tse.testCases.TestBaiduTestCase"/>
</testsuite> <!-- tse.testCases.TestBaiduTestCase -->
